<?xml version="1.0" encoding="UTF-8"?>
<testsuite xmlns:xsi="http://www.w3.org/2001/XMLSchema-instance" xsi:noNamespaceSchemaLocation="https://maven.apache.org/surefire/maven-surefire-plugin/xsd/surefire-test-report.xsd" name="rest.RenameMeResourceTest" time="0.094" tests="1" errors="1" skipped="0" failures="0">
  <properties>
[...]
</properties>
  <testcase name="rest.RenameMeResourceTest" classname="rest.RenameMeResourceTest" time="0.094">
    <error message="Exception [EclipseLink-4002] (Eclipse Persistence Services - 2.7.7.v20200504-69f2c2b80d): org.eclipse.persistence.exceptions.DatabaseException&#10;Internal Exception: com.mysql.cj.jdbc.exceptions.CommunicationsException: Communications link failure&#10;&#10;The last packet sent successfully to the server was 0 milliseconds ago. The driver has not received any packets from the server.&#10;Error Code: 0" type="javax.persistence.PersistenceException">javax.persistence.PersistenceException: 
Exception [EclipseLink-4002] (Eclipse Persistence Services - 2.7.7.v20200504-69f2c2b80d): org.eclipse.persistence.exceptions.DatabaseException
Internal Exception: com.mysql.cj.jdbc.exceptions.CommunicationsException: Communications link failure

The last packet sent successfully to the server was 0 milliseconds ago. The driver has not received any packets from the server.
Error Code: 0
	at rest.RenameMeResourceTest.setUpClass(RenameMeResourceTest.java:44)
Caused by: org.eclipse.persistence.exceptions.DatabaseException: 

Internal Exception: com.mysql.cj.jdbc.exceptions.CommunicationsException: Communications link failure

The last packet sent successfully to the server was 0 milliseconds ago. The driver has not received any packets from the server.
Error Code: 0
	at rest.RenameMeResourceTest.setUpClass(RenameMeResourceTest.java:44)
Caused by: com.mysql.cj.jdbc.exceptions.CommunicationsException: 
Communications link failure

The last packet sent successfully to the server was 0 milliseconds ago. The driver has not received any packets from the server.
	at rest.RenameMeResourceTest.setUpClass(RenameMeResourceTest.java:44)
Caused by: com.mysql.cj.exceptions.CJCommunicationsException: 
Communications link failure

The last packet sent successfully to the server was 0 milliseconds ago. The driver has not received any packets from the server.
	at rest.RenameMeResourceTest.setUpClass(RenameMeResourceTest.java:44)
Caused by: java.net.ConnectException: Connection refused: connect
	at rest.RenameMeResourceTest.setUpClass(RenameMeResourceTest.java:44)
</error>
    <system-out><![CDATA[Using the TEST database via persistence-unit --> puTest 
[EL Severe]: metadata: 2023-06-08 10:33:07.416--ServerSession(1395262169)--The java.lang.Object class was compiled with an unsupported JDK. Report this error to the EclipseLink open source project.
java.lang.IllegalArgumentException: Unsupported class file major version 61
[EL Severe]: metadata: 2023-06-08 10:33:07.416--ServerSession(1395262169)--The java.lang.Object class was compiled with an unsupported JDK. Report this error to the EclipseLink open source project.
java.lang.ArrayIndexOutOfBoundsException
[EL Severe]: metadata: 2023-06-08 10:33:07.431--ServerSession(1395262169)--The java.lang.String class was compiled with an unsupported JDK. Report this error to the EclipseLink open source project.
java.lang.IllegalArgumentException: Unsupported class file major version 61
[EL Severe]: metadata: 2023-06-08 10:33:07.431--ServerSession(1395262169)--The java.lang.String class was compiled with an unsupported JDK. Report this error to the EclipseLink open source project.
java.lang.ArrayIndexOutOfBoundsException
[EL Severe]: metadata: 2023-06-08 10:33:07.431--ServerSession(1395262169)--The java.util.List class was compiled with an unsupported JDK. Report this error to the EclipseLink open source project.
java.lang.IllegalArgumentException: Unsupported class file major version 61
[EL Severe]: metadata: 2023-06-08 10:33:07.432--ServerSession(1395262169)--The java.util.List class was compiled with an unsupported JDK. Report this error to the EclipseLink open source project.
java.lang.ArrayIndexOutOfBoundsException
[EL Severe]: metadata: 2023-06-08 10:33:07.432--ServerSession(1395262169)--The java.util.Collection class was compiled with an unsupported JDK. Report this error to the EclipseLink open source project.
java.lang.IllegalArgumentException: Unsupported class file major version 61
[EL Severe]: metadata: 2023-06-08 10:33:07.433--ServerSession(1395262169)--The java.util.Collection class was compiled with an unsupported JDK. Report this error to the EclipseLink open source project.
java.lang.ArrayIndexOutOfBoundsException
[EL Severe]: metadata: 2023-06-08 10:33:07.433--ServerSession(1395262169)--The java.lang.Iterable class was compiled with an unsupported JDK. Report this error to the EclipseLink open source project.
java.lang.IllegalArgumentException: Unsupported class file major version 61
[EL Severe]: metadata: 2023-06-08 10:33:07.433--ServerSession(1395262169)--The java.lang.Iterable class was compiled with an unsupported JDK. Report this error to the EclipseLink open source project.
java.lang.ArrayIndexOutOfBoundsException
[EL Severe]: metadata: 2023-06-08 10:33:07.434--ServerSession(1395262169)--The java.lang.Long class was compiled with an unsupported JDK. Report this error to the EclipseLink open source project.
java.lang.IllegalArgumentException: Unsupported class file major version 61
[EL Severe]: metadata: 2023-06-08 10:33:07.434--ServerSession(1395262169)--The java.lang.Long class was compiled with an unsupported JDK. Report this error to the EclipseLink open source project.
java.lang.ArrayIndexOutOfBoundsException
[EL Severe]: metadata: 2023-06-08 10:33:07.436--ServerSession(1395262169)--The java.io.Serializable class was compiled with an unsupported JDK. Report this error to the EclipseLink open source project.
java.lang.IllegalArgumentException: Unsupported class file major version 61
[EL Severe]: metadata: 2023-06-08 10:33:07.437--ServerSession(1395262169)--The java.io.Serializable class was compiled with an unsupported JDK. Report this error to the EclipseLink open source project.
java.lang.ArrayIndexOutOfBoundsException
[EL Severe]: metadata: 2023-06-08 10:33:07.438--ServerSession(1395262169)--The java.lang.Number class was compiled with an unsupported JDK. Report this error to the EclipseLink open source project.
java.lang.IllegalArgumentException: Unsupported class file major version 61
[EL Severe]: metadata: 2023-06-08 10:33:07.438--ServerSession(1395262169)--The java.lang.Number class was compiled with an unsupported JDK. Report this error to the EclipseLink open source project.
java.lang.ArrayIndexOutOfBoundsException
[EL Info]: 2023-06-08 10:33:07.448--ServerSession(1395262169)--EclipseLink, version: Eclipse Persistence Services - 2.7.7.v20200504-69f2c2b80d
[EL Severe]: ejb: 2023-06-08 10:33:07.455--ServerSession(1395262169)--Exception [EclipseLink-4002] (Eclipse Persistence Services - 2.7.7.v20200504-69f2c2b80d): org.eclipse.persistence.exceptions.DatabaseException
Internal Exception: com.mysql.cj.jdbc.exceptions.CommunicationsException: Communications link failure

The last packet sent successfully to the server was 0 milliseconds ago. The driver has not received any packets from the server.
Error Code: 0
##########################################################
######      ERROR Creating a persistence Unit       ######
###### Have you started the dev and test databases? ######
######          (docker-compose up -d )             ######
##########################################################
]]></system-out>
  </testcase>
</testsuite>